C:\USERS\RAISSA SALEU\DOCUMENTS\VISUAL STUDIO 2012\PROJECTS\PDSTSP_PL_KVEH\PDSTSP_PL\PDSTSP_PL\DEBUG\INSTANCE.OBJ
C:\USERS\RAISSA SALEU\DOCUMENTS\VISUAL STUDIO 2012\PROJECTS\PDSTSP_PL_KVEH\PDSTSP_PL\PDSTSP_PL\DEBUG\MAIN.OBJ
C:\USERS\RAISSA SALEU\DOCUMENTS\VISUAL STUDIO 2012\PROJECTS\PDSTSP_PL_KVEH\PDSTSP_PL\PDSTSP_PL\DEBUG\MODELECPLEX.OBJ
C:\USERS\RAISSA SALEU\DOCUMENTS\VISUAL STUDIO 2012\PROJECTS\PDSTSP_PL_KVEH\PDSTSP_PL\PDSTSP_PL\DEBUG\NODE.OBJ
C:\USERS\RAISSA SALEU\DOCUMENTS\VISUAL STUDIO 2012\PROJECTS\PDSTSP_PL_KVEH\PDSTSP_PL\PDSTSP_PL\DEBUG\VC110.PDB
C:\Users\raissa saleu\Documents\Visual Studio 2012\Projects\PDSTSP_PL_kVeh\PDSTSP_PL\PDSTSP_PL\Debug\Instance.obj
C:\Users\raissa saleu\Documents\Visual Studio 2012\Projects\PDSTSP_PL_kVeh\PDSTSP_PL\PDSTSP_PL\Debug\main.obj
C:\Users\raissa saleu\Documents\Visual Studio 2012\Projects\PDSTSP_PL_kVeh\PDSTSP_PL\PDSTSP_PL\Debug\ModeleCplex.obj
C:\Users\raissa saleu\Documents\Visual Studio 2012\Projects\PDSTSP_PL_kVeh\PDSTSP_PL\PDSTSP_PL\Debug\Node.obj
C:\Users\raissa saleu\Documents\Visual Studio 2012\Projects\PDSTSP_PL_kVeh\PDSTSP_PL\PDSTSP_PL\Debug\cl.command.1.tlog
C:\Users\raissa saleu\Documents\Visual Studio 2012\Projects\PDSTSP_PL_kVeh\PDSTSP_PL\PDSTSP_PL\Debug\CL.read.1.tlog
C:\Users\raissa saleu\Documents\Visual Studio 2012\Projects\PDSTSP_PL_kVeh\PDSTSP_PL\PDSTSP_PL\Debug\CL.write.1.tlog
C:\Users\raissa saleu\Documents\Visual Studio 2012\Projects\PDSTSP_PL_kVeh\PDSTSP_PL\PDSTSP_PL\Debug\link-cvtres.read.1.tlog
C:\Users\raissa saleu\Documents\Visual Studio 2012\Projects\PDSTSP_PL_kVeh\PDSTSP_PL\PDSTSP_PL\Debug\link-cvtres.write.1.tlog
C:\Users\raissa saleu\Documents\Visual Studio 2012\Projects\PDSTSP_PL_kVeh\PDSTSP_PL\PDSTSP_PL\Debug\link-rc.read.1.tlog
C:\Users\raissa saleu\Documents\Visual Studio 2012\Projects\PDSTSP_PL_kVeh\PDSTSP_PL\PDSTSP_PL\Debug\link-rc.write.1.tlog
C:\Users\raissa saleu\Documents\Visual Studio 2012\Projects\PDSTSP_PL_kVeh\PDSTSP_PL\PDSTSP_PL\Debug\link.command.1.tlog
C:\Users\raissa saleu\Documents\Visual Studio 2012\Projects\PDSTSP_PL_kVeh\PDSTSP_PL\PDSTSP_PL\Debug\link.read.1.tlog
C:\Users\raissa saleu\Documents\Visual Studio 2012\Projects\PDSTSP_PL_kVeh\PDSTSP_PL\PDSTSP_PL\Debug\link.read.2.tlog
C:\Users\raissa saleu\Documents\Visual Studio 2012\Projects\PDSTSP_PL_kVeh\PDSTSP_PL\PDSTSP_PL\Debug\link.write.1.tlog
C:\Users\raissa saleu\Documents\Visual Studio 2012\Projects\PDSTSP_PL_kVeh\PDSTSP_PL\PDSTSP_PL\Debug\vc110.idb
C:\Users\raissa saleu\Documents\Visual Studio 2012\Projects\PDSTSP_PL_kVeh\PDSTSP_PL\PDSTSP_PL\Debug\vc110.pdb
C:\Users\raissa saleu\Documents\Visual Studio 2012\Projects\PDSTSP_PL_kVeh\PDSTSP_PL\Debug\PDSTSP_PL.pdb
C:\Users\raissa saleu\Documents\Visual Studio 2012\Projects\PDSTSP_PL_kVeh\PDSTSP_PL\Debug\PDSTSP_PL.exe
C:\Users\raissa saleu\Documents\Visual Studio 2012\Projects\PDSTSP_PL_kVeh\PDSTSP_PL\Debug\PDSTSP_PL.ilk
