La génération a démarré 24/01/2018 12:44:15.
     1>Projet "C:\Users\raissa saleu\Documents\Visual Studio 2012\Projects\PDSTSP_PL\PDSTSP_PL\PDSTSP_PL.vcxproj" sur le nœud 2 (Build cible(s)).
     1>ClCompile:
         C:\Program Files (x86)\Microsoft Visual Studio 11.0\VC\bin\CL.exe /c /I"C:\Program Files (x86)\IBM\ILOG\CPLEX_Studio1263\cplex\include" /I"C:\Program Files (x86)\IBM\ILOG\CPLEX_Studio1263\concert\include" /Zi /nologo /W3 /WX- /O2 /Oi /Oy- /GL /D IL_STD /D WIN32 /D WIN32 /D NDEBUG /D _CONSOLE /D _UNICODE /D UNICODE /Gm- /EHsc /MD /GS /Gy /fp:precise /Zc:wchar_t /Zc:forScope /Fo"Release\\" /Fd"Release\vc110.pdb" /Gd /TP /analyze- /errorReport:prompt Instance.cpp main.cpp ModeleCplex.cpp Node.cpp
         Instance.cpp
         main.cpp
         ModeleCplex.cpp
     1>ModeleCplex.cpp(252): warning C4244: '=' : conversion de 'const IloNum' en 'float', perte possible de données
     1>ModeleCplex.cpp(267): warning C4244: '=' : conversion de 'const IloNum' en 'float', perte possible de données
         Node.cpp
       Link:
         C:\Program Files (x86)\Microsoft Visual Studio 11.0\VC\bin\link.exe /ERRORREPORT:PROMPT /OUT:"C:\Users\raissa saleu\Documents\Visual Studio 2012\Projects\PDSTSP_PL\Release\PDSTSP_PL.exe" /INCREMENTAL:NO /NOLOGO "C:\Program Files (x86)\IBM\ILOG\CPLEX_Studio1263\cplex\lib\x86_windows_vs2012\stat_mda\cplex1263.lib" "C:\Program Files (x86)\IBM\ILOG\CPLEX_Studio1263\cplex\lib\x86_windows_vs2012\stat_mda\ilocplex.lib" "C:\Program Files (x86)\IBM\ILOG\CPLEX_Studio1263\concert\lib\x86_windows_vs2012\stat_mda\concert.lib" kernel32.lib user32.lib gdi32.lib winspool.lib comdlg32.lib advapi32.lib shell32.lib ole32.lib oleaut32.lib uuid.lib odbc32.lib odbccp32.lib /MANIFEST /MANIFESTUAC:"level='asInvoker' uiAccess='false'" /manifest:embed /DEBUG /PDB:"C:\Users\raissa saleu\Documents\Visual Studio 2012\Projects\PDSTSP_PL\Release\PDSTSP_PL.pdb" /SUBSYSTEM:CONSOLE /OPT:REF /OPT:ICF /LTCG /TLBID:1 /DYNAMICBASE /NXCOMPAT /IMPLIB:"C:\Users\raissa saleu\Documents\Visual Studio 2012\Projects\PDSTSP_PL\Release\PDSTSP_PL.lib" /MACHINE:X86 /SAFESEH Release\Instance.obj
         Release\main.obj
         Release\ModeleCplex.obj
         Release\Node.obj
         Génération de code en cours
         Fin de la génération du code
     1>concert.lib(ilosstructi.obj) : warning LNK4099: PDB 'concert.pdb' n'a pu être trouvé avec 'concert.lib(ilosstructi.obj)' ou sur 'C:\Users\raissa saleu\Documents\Visual Studio 2012\Projects\PDSTSP_PL\Release\concert.pdb' ; l'objet sera lié sans informations de débogage
     1>concert.lib(ilohash.obj) : warning LNK4099: PDB 'concert.pdb' n'a pu être trouvé avec 'concert.lib(ilohash.obj)' ou sur 'C:\Users\raissa saleu\Documents\Visual Studio 2012\Projects\PDSTSP_PL\Release\concert.pdb' ; l'objet sera lié sans informations de débogage
     1>concert.lib(iloalg.obj) : warning LNK4099: PDB 'concert.pdb' n'a pu être trouvé avec 'concert.lib(iloalg.obj)' ou sur 'C:\Users\raissa saleu\Documents\Visual Studio 2012\Projects\PDSTSP_PL\Release\concert.pdb' ; l'objet sera lié sans informations de débogage
     1>concert.lib(iloenv.obj) : warning LNK4099: PDB 'concert.pdb' n'a pu être trouvé avec 'concert.lib(iloenv.obj)' ou sur 'C:\Users\raissa saleu\Documents\Visual Studio 2012\Projects\PDSTSP_PL\Release\concert.pdb' ; l'objet sera lié sans informations de débogage
     1>concert.lib(ilostimei.obj) : warning LNK4099: PDB 'concert.pdb' n'a pu être trouvé avec 'concert.lib(ilostimei.obj)' ou sur 'C:\Users\raissa saleu\Documents\Visual Studio 2012\Projects\PDSTSP_PL\Release\concert.pdb' ; l'objet sera lié sans informations de débogage
     1>concert.lib(iloallocator.obj) : warning LNK4099: PDB 'concert.pdb' n'a pu être trouvé avec 'concert.lib(iloallocator.obj)' ou sur 'C:\Users\raissa saleu\Documents\Visual Studio 2012\Projects\PDSTSP_PL\Release\concert.pdb' ; l'objet sera lié sans informations de débogage
     1>concert.lib(ilosatomi.obj) : warning LNK4099: PDB 'concert.pdb' n'a pu être trouvé avec 'concert.lib(ilosatomi.obj)' ou sur 'C:\Users\raissa saleu\Documents\Visual Studio 2012\Projects\PDSTSP_PL\Release\concert.pdb' ; l'objet sera lié sans informations de débogage
     1>concert.lib(iloserror.obj) : warning LNK4099: PDB 'concert.pdb' n'a pu être trouvé avec 'concert.lib(iloserror.obj)' ou sur 'C:\Users\raissa saleu\Documents\Visual Studio 2012\Projects\PDSTSP_PL\Release\concert.pdb' ; l'objet sera lié sans informations de débogage
     1>concert.lib(ilosdisplayi.obj) : warning LNK4099: PDB 'concert.pdb' n'a pu être trouvé avec 'concert.lib(ilosdisplayi.obj)' ou sur 'C:\Users\raissa saleu\Documents\Visual Studio 2012\Projects\PDSTSP_PL\Release\concert.pdb' ; l'objet sera lié sans informations de débogage
     1>concert.lib(ilorandom.obj) : warning LNK4099: PDB 'concert.pdb' n'a pu être trouvé avec 'concert.lib(ilorandom.obj)' ou sur 'C:\Users\raissa saleu\Documents\Visual Studio 2012\Projects\PDSTSP_PL\Release\concert.pdb' ; l'objet sera lié sans informations de débogage
     1>concert.lib(ilothread.obj) : warning LNK4099: PDB 'concert.pdb' n'a pu être trouvé avec 'concert.lib(ilothread.obj)' ou sur 'C:\Users\raissa saleu\Documents\Visual Studio 2012\Projects\PDSTSP_PL\Release\concert.pdb' ; l'objet sera lié sans informations de débogage
     1>concert.lib(ilossol.obj) : warning LNK4099: PDB 'concert.pdb' n'a pu être trouvé avec 'concert.lib(ilossol.obj)' ou sur 'C:\Users\raissa saleu\Documents\Visual Studio 2012\Projects\PDSTSP_PL\Release\concert.pdb' ; l'objet sera lié sans informations de débogage
     1>concert.lib(ilotypes.obj) : warning LNK4099: PDB 'concert.pdb' n'a pu être trouvé avec 'concert.lib(ilotypes.obj)' ou sur 'C:\Users\raissa saleu\Documents\Visual Studio 2012\Projects\PDSTSP_PL\Release\concert.pdb' ; l'objet sera lié sans informations de débogage
     1>concert.lib(iloexpression.obj) : warning LNK4099: PDB 'concert.pdb' n'a pu être trouvé avec 'concert.lib(iloexpression.obj)' ou sur 'C:\Users\raissa saleu\Documents\Visual Studio 2012\Projects\PDSTSP_PL\Release\concert.pdb' ; l'objet sera lié sans informations de débogage
     1>concert.lib(ilosbasic.obj) : warning LNK4099: PDB 'concert.pdb' n'a pu être trouvé avec 'concert.lib(ilosbasic.obj)' ou sur 'C:\Users\raissa saleu\Documents\Visual Studio 2012\Projects\PDSTSP_PL\Release\concert.pdb' ; l'objet sera lié sans informations de débogage
     1>concert.lib(iloset.obj) : warning LNK4099: PDB 'concert.pdb' n'a pu être trouvé avec 'concert.lib(iloset.obj)' ou sur 'C:\Users\raissa saleu\Documents\Visual Studio 2012\Projects\PDSTSP_PL\Release\concert.pdb' ; l'objet sera lié sans informations de débogage
     1>concert.lib(iloconstraint.obj) : warning LNK4099: PDB 'concert.pdb' n'a pu être trouvé avec 'concert.lib(iloconstraint.obj)' ou sur 'C:\Users\raissa saleu\Documents\Visual Studio 2012\Projects\PDSTSP_PL\Release\concert.pdb' ; l'objet sera lié sans informations de débogage
     1>concert.lib(iloanyexpr.obj) : warning LNK4099: PDB 'concert.pdb' n'a pu être trouvé avec 'concert.lib(iloanyexpr.obj)' ou sur 'C:\Users\raissa saleu\Documents\Visual Studio 2012\Projects\PDSTSP_PL\Release\concert.pdb' ; l'objet sera lié sans informations de débogage
     1>concert.lib(iloextractable.obj) : warning LNK4099: PDB 'concert.pdb' n'a pu être trouvé avec 'concert.lib(iloextractable.obj)' ou sur 'C:\Users\raissa saleu\Documents\Visual Studio 2012\Projects\PDSTSP_PL\Release\concert.pdb' ; l'objet sera lié sans informations de débogage
     1>concert.lib(ilomap.obj) : warning LNK4099: PDB 'concert.pdb' n'a pu être trouvé avec 'concert.lib(ilomap.obj)' ou sur 'C:\Users\raissa saleu\Documents\Visual Studio 2012\Projects\PDSTSP_PL\Release\concert.pdb' ; l'objet sera lié sans informations de débogage
     1>concert.lib(ilosmodel.obj) : warning LNK4099: PDB 'concert.pdb' n'a pu être trouvé avec 'concert.lib(ilosmodel.obj)' ou sur 'C:\Users\raissa saleu\Documents\Visual Studio 2012\Projects\PDSTSP_PL\Release\concert.pdb' ; l'objet sera lié sans informations de débogage
     1>concert.lib(ilosolution.obj) : warning LNK4099: PDB 'concert.pdb' n'a pu être trouvé avec 'concert.lib(ilosolution.obj)' ou sur 'C:\Users\raissa saleu\Documents\Visual Studio 2012\Projects\PDSTSP_PL\Release\concert.pdb' ; l'objet sera lié sans informations de débogage
     1>concert.lib(iloiterator.obj) : warning LNK4099: PDB 'concert.pdb' n'a pu être trouvé avec 'concert.lib(iloiterator.obj)' ou sur 'C:\Users\raissa saleu\Documents\Visual Studio 2012\Projects\PDSTSP_PL\Release\concert.pdb' ; l'objet sera lié sans informations de débogage
     1>concert.lib(ilossequencei.obj) : warning LNK4099: PDB 'concert.pdb' n'a pu être trouvé avec 'concert.lib(ilossequencei.obj)' ou sur 'C:\Users\raissa saleu\Documents\Visual Studio 2012\Projects\PDSTSP_PL\Release\concert.pdb' ; l'objet sera lié sans informations de débogage
     1>concert.lib(ilocollection.obj) : warning LNK4099: PDB 'concert.pdb' n'a pu être trouvé avec 'concert.lib(ilocollection.obj)' ou sur 'C:\Users\raissa saleu\Documents\Visual Studio 2012\Projects\PDSTSP_PL\Release\concert.pdb' ; l'objet sera lié sans informations de débogage
     1>concert.lib(ilocollectionstruct.obj) : warning LNK4099: PDB 'concert.pdb' n'a pu être trouvé avec 'concert.lib(ilocollectionstruct.obj)' ou sur 'C:\Users\raissa saleu\Documents\Visual Studio 2012\Projects\PDSTSP_PL\Release\concert.pdb' ; l'objet sera lié sans informations de débogage
     1>concert.lib(ilosimplecollection.obj) : warning LNK4099: PDB 'concert.pdb' n'a pu être trouvé avec 'concert.lib(ilosimplecollection.obj)' ou sur 'C:\Users\raissa saleu\Documents\Visual Studio 2012\Projects\PDSTSP_PL\Release\concert.pdb' ; l'objet sera lié sans informations de débogage
     1>concert.lib(ilocollectionoperator.obj) : warning LNK4099: PDB 'concert.pdb' n'a pu être trouvé avec 'concert.lib(ilocollectionoperator.obj)' ou sur 'C:\Users\raissa saleu\Documents\Visual Studio 2012\Projects\PDSTSP_PL\Release\concert.pdb' ; l'objet sera lié sans informations de débogage
     1>concert.lib(ilocollectioniterator.obj) : warning LNK4099: PDB 'concert.pdb' n'a pu être trouvé avec 'concert.lib(ilocollectioniterator.obj)' ou sur 'C:\Users\raissa saleu\Documents\Visual Studio 2012\Projects\PDSTSP_PL\Release\concert.pdb' ; l'objet sera lié sans informations de débogage
     1>concert.lib(iloskiplist.obj) : warning LNK4099: PDB 'concert.pdb' n'a pu être trouvé avec 'concert.lib(iloskiplist.obj)' ou sur 'C:\Users\raissa saleu\Documents\Visual Studio 2012\Projects\PDSTSP_PL\Release\concert.pdb' ; l'objet sera lié sans informations de débogage
     1>concert.lib(ilonumfunci.obj) : warning LNK4099: PDB 'concert.pdb' n'a pu être trouvé avec 'concert.lib(ilonumfunci.obj)' ou sur 'C:\Users\raissa saleu\Documents\Visual Studio 2012\Projects\PDSTSP_PL\Release\concert.pdb' ; l'objet sera lié sans informations de débogage
     1>concert.lib(iloparami.obj) : warning LNK4099: PDB 'concert.pdb' n'a pu être trouvé avec 'concert.lib(iloparami.obj)' ou sur 'C:\Users\raissa saleu\Documents\Visual Studio 2012\Projects\PDSTSP_PL\Release\concert.pdb' ; l'objet sera lié sans informations de débogage
     1>concert.lib(ilointervalsi.obj) : warning LNK4099: PDB 'concert.pdb' n'a pu être trouvé avec 'concert.lib(ilointervalsi.obj)' ou sur 'C:\Users\raissa saleu\Documents\Visual Studio 2012\Projects\PDSTSP_PL\Release\concert.pdb' ; l'objet sera lié sans informations de débogage
     1>concert.lib(evalkernel.obj) : warning LNK4099: PDB 'concert.pdb' n'a pu être trouvé avec 'concert.lib(evalkernel.obj)' ou sur 'C:\Users\raissa saleu\Documents\Visual Studio 2012\Projects\PDSTSP_PL\Release\concert.pdb' ; l'objet sera lié sans informations de débogage
     1>concert.lib(evaluator.obj) : warning LNK4099: PDB 'concert.pdb' n'a pu être trouvé avec 'concert.lib(evaluator.obj)' ou sur 'C:\Users\raissa saleu\Documents\Visual Studio 2012\Projects\PDSTSP_PL\Release\concert.pdb' ; l'objet sera lié sans informations de débogage
     1>concert.lib(evalexpand.obj) : warning LNK4099: PDB 'concert.pdb' n'a pu être trouvé avec 'concert.lib(evalexpand.obj)' ou sur 'C:\Users\raissa saleu\Documents\Visual Studio 2012\Projects\PDSTSP_PL\Release\concert.pdb' ; l'objet sera lié sans informations de débogage
     1>concert.lib(strtod.obj) : warning LNK4099: PDB 'concert.pdb' n'a pu être trouvé avec 'concert.lib(strtod.obj)' ou sur 'C:\Users\raissa saleu\Documents\Visual Studio 2012\Projects\PDSTSP_PL\Release\concert.pdb' ; l'objet sera lié sans informations de débogage
         PDSTSP_PL.vcxproj -> C:\Users\raissa saleu\Documents\Visual Studio 2012\Projects\PDSTSP_PL\Release\PDSTSP_PL.exe
     1>Génération du projet "C:\Users\raissa saleu\Documents\Visual Studio 2012\Projects\PDSTSP_PL\PDSTSP_PL\PDSTSP_PL.vcxproj" terminée (Build cible(s)).

La génération a réussi.

Temps écoulé 00:00:07.87
